yarn run v1.22.22
$ next dev
  ▲ Next.js 14.2.28
  - Local:        http://localhost:3000
  - Environments: .env
  - Experiments (use with caution):
    · outputFileTracingRoot

 ✓ Starting...
 ✓ Ready in 2.5s
 ○ Compiling / ...
 ✓ Compiled / in 5.3s (1230 modules)
 GET / 200 in 5818ms
 GET / 200 in 5846ms
 ✓ Compiled in 574ms (618 modules)
 GET / 200 in 49ms
 GET / 200 in 36ms
 GET / 200 in 39ms
 GET / 200 in 31ms
 GET / 200 in 32ms
 GET / 200 in 35ms
 GET / 200 in 36ms
 GET / 200 in 27ms
 GET / 200 in 29ms
 GET / 200 in 27ms
 GET / 200 in 32ms
 GET / 200 in 23ms
 GET / 200 in 24ms
 GET / 200 in 24ms
 GET / 200 in 23ms
 GET / 200 in 27ms
 GET / 200 in 25ms
 GET / 200 in 23ms
 GET / 200 in 31ms
 GET / 200 in 21ms
 GET / 200 in 22ms
 GET / 200 in 25ms
 GET / 200 in 24ms
 GET / 200 in 24ms
 GET / 200 in 34ms
 GET / 200 in 23ms
 GET / 200 in 25ms
 GET / 200 in 28ms
 GET / 200 in 25ms
 GET / 200 in 22ms
 GET / 200 in 24ms
 GET / 200 in 22ms
 GET / 200 in 22ms
 GET / 200 in 21ms
 GET / 200 in 24ms
 GET / 200 in 23ms
 GET / 200 in 25ms
 GET / 200 in 25ms
 GET / 200 in 23ms
 GET / 200 in 33ms
 GET / 200 in 31ms
 GET / 200 in 35ms
 GET / 200 in 24ms
[?25h
